<?xml version="1.0" encoding="UTF-8"?>
<!-- Generated by org.testng.reporters.JUnitXMLReporter -->
<testsuite ignored="0" hostname="DESKTOP-143M0GD" failures="1" tests="3" name="Surefire test" time="0.209" errors="0" timestamp="28 Jun 2019 03:39:58 GMT">
  <testcase classname="qaclickacademy.Maven2Test" name="Maven2" time="0.056">
    <failure type="java.lang.Error" message="Unresolved compilation problem: 
	Syntax error, insert &amp;quot;;&amp;quot; to complete BlockStatements
">
      <![CDATA[java.lang.Error: Unresolved compilation problem: 
Syntax error, insert ";" to complete BlockStatements

at qaclickacademy.Maven2Test.Maven2(Maven2Test.java:10)
... Removed 30 stack frames]]>
    </failure>
  </testcase> <!-- Maven2 -->
  <testcase classname="qaclickacademy.MavenTest" name="BrowserAutomation" time="0.001"/>
  <testcase classname="qaclickacademy.MavenTest" name="elementsUi" time="0.002"/>
</testsuite> <!-- Surefire test -->
