<?xml version="1.0" encoding="UTF-8"?>
<testng-results ignored="0" total="1" passed="1" failed="0" skipped="0">
  <reporter-output>
  </reporter-output>
  <suite started-at="2019-06-28T05:26:02Z" name="Suite" finished-at="2019-06-28T05:26:02Z" duration-ms="89">
    <groups>
    </groups>
    <test started-at="2019-06-28T05:26:02Z" name="Test" finished-at="2019-06-28T05:26:02Z" duration-ms="89">
      <class name="qaclickacademy.Maven2Test">
        <test-method signature="Maven2()[pri:0, instance:qaclickacademy.Maven2Test@6c6cb480]" started-at="2019-06-28T05:26:02Z" name="Maven2" finished-at="2019-06-28T05:26:02Z" duration-ms="15" status="PASS">
          <reporter-output>
          </reporter-output>
        </test-method> <!-- Maven2 -->
      </class> <!-- qaclickacademy.Maven2Test -->
    </test> <!-- Test -->
  </suite> <!-- Suite -->
</testng-results>
